

Started GET "/posts" for 127.0.0.1 at 2014-01-18 00:24:23 -0200

ActionController::RoutingError (No route matches [GET] "/posts"):
  actionpack (4.0.1) lib/action_dispatch/middleware/debug_exceptions.rb:21:in `call'
  actionpack (4.0.1) lib/action_dispatch/middleware/show_exceptions.rb:30:in `call'
  railties (4.0.1) lib/rails/rack/logger.rb:38:in `call_app'
  railties (4.0.1) lib/rails/rack/logger.rb:20:in `block in call'
  activesupport (4.0.1) lib/active_support/tagged_logging.rb:67:in `block in tagged'
  activesupport (4.0.1) lib/active_support/tagged_logging.rb:25:in `tagged'
  activesupport (4.0.1) lib/active_support/tagged_logging.rb:67:in `tagged'
  railties (4.0.1) lib/rails/rack/logger.rb:20:in `call'
  actionpack (4.0.1) lib/action_dispatch/middleware/request_id.rb:21:in `call'
  rack (1.5.2) lib/rack/methodoverride.rb:21:in `call'
  rack (1.5.2) lib/rack/runtime.rb:17:in `call'
  activesupport (4.0.1) lib/active_support/cache/strategy/local_cache.rb:83:in `call'
  rack (1.5.2) lib/rack/lock.rb:17:in `call'
  actionpack (4.0.1) lib/action_dispatch/middleware/static.rb:64:in `call'
  rack (1.5.2) lib/rack/sendfile.rb:112:in `call'
  railties (4.0.1) lib/rails/engine.rb:511:in `call'
  railties (4.0.1) lib/rails/application.rb:97:in `call'
  rack (1.5.2) lib/rack/lock.rb:17:in `call'
  rack (1.5.2) lib/rack/content_length.rb:14:in `call'
  rack (1.5.2) lib/rack/handler/webrick.rb:60:in `service'
  /Users/gcgoncalves/.rvm/rubies/ruby-1.9.3-p448/lib/ruby/1.9.1/webrick/httpserver.rb:138:in `service'
  /Users/gcgoncalves/.rvm/rubies/ruby-1.9.3-p448/lib/ruby/1.9.1/webrick/httpserver.rb:94:in `run'
  /Users/gcgoncalves/.rvm/rubies/ruby-1.9.3-p448/lib/ruby/1.9.1/webrick/server.rb:191:in `block in start_thread'


  Rendered /Users/gcgoncalves/.rvm/gems/ruby-1.9.3-p448/gems/actionpack-4.0.1/lib/action_dispatch/middleware/templates/rescues/_trace.erb (1.2ms)
  Rendered /Users/gcgoncalves/.rvm/gems/ruby-1.9.3-p448/gems/actionpack-4.0.1/lib/action_dispatch/middleware/templates/routes/_route.html.erb (0.9ms)
  Rendered /Users/gcgoncalves/.rvm/gems/ruby-1.9.3-p448/gems/actionpack-4.0.1/lib/action_dispatch/middleware/templates/routes/_table.html.erb (31.7ms)
  Rendered /Users/gcgoncalves/.rvm/gems/ruby-1.9.3-p448/gems/actionpack-4.0.1/lib/action_dispatch/middleware/templates/rescues/routing_error.erb within rescues/layout (61.2ms)


Started GET "/" for 127.0.0.1 at 2014-01-18 00:24:30 -0200
Processing by WelcomeController#index as HTML
  Rendered welcome/index.html.erb within layouts/application (0.4ms)
Completed 200 OK in 1135ms (Views: 1103.7ms | ActiveRecord: 0.0ms)


Started GET "/assets/welcome.css?body=1" for 127.0.0.1 at 2014-01-18 00:24:32 -0200


Started GET "/assets/application.js?body=1" for 127.0.0.1 at 2014-01-18 00:24:32 -0200


Started GET "/assets/application.css?body=1" for 127.0.0.1 at 2014-01-18 00:24:32 -0200


Started GET "/assets/jquery.js?body=1" for 127.0.0.1 at 2014-01-18 00:24:32 -0200


Started GET "/assets/jquery_ujs.js?body=1" for 127.0.0.1 at 2014-01-18 00:24:32 -0200


Started GET "/assets/turbolinks.js?body=1" for 127.0.0.1 at 2014-01-18 00:24:32 -0200


Started GET "/assets/welcome.js?body=1" for 127.0.0.1 at 2014-01-18 00:24:32 -0200
